WARN [07-25|13:55:25] No etherbase set and no accounts found as default 
INFO [07-25|13:55:25] Starting peer-to-peer node               instance=Geth/v1.6.1-stable-021c3c28/darwin-amd64/go1.8.3
INFO [07-25|13:55:25] Allocated cache and file handles         database=/Users/evileo/Code2/eth-private-dev/geth/chaindata cache=128 handles=1024
INFO [07-25|13:55:25] Writing default main-net genesis block 
INFO [07-25|13:55:25] Initialised chain configuration          config="{ChainID: 1 Homestead: 1150000 DAO: 1920000 DAOSupport: true EIP150: 2463000 EIP155: 2675000 EIP158: 2675000 Engine: ethash}"
INFO [07-25|13:55:25] Disk storage enabled for ethash caches   dir=/Users/evileo/Code2/eth-private-dev/geth/ethash count=3
INFO [07-25|13:55:25] Disk storage enabled for ethash DAGs     dir=/Users/evileo/.ethash                           count=2
WARN [07-25|13:55:25] Upgrading db log bloom bins 
INFO [07-25|13:55:25] Bloom-bin upgrade completed              elapsed=50.915µs
INFO [07-25|13:55:25] Initialising Ethereum protocol           versions="[63 62]" network=1
INFO [07-25|13:55:25] Loaded most recent local header          number=0 hash=d4e567…cb8fa3 td=17179869184
INFO [07-25|13:55:25] Loaded most recent local full block      number=0 hash=d4e567…cb8fa3 td=17179869184
INFO [07-25|13:55:25] Loaded most recent local fast block      number=0 hash=d4e567…cb8fa3 td=17179869184
INFO [07-25|13:55:25] Starting P2P networking 
INFO [07-25|13:55:25] RLPx listener up                         self="enode://1ea53f18e8f317da8dc9d5ae7152beddb2d42118c39277bda9cf22967826c694317e152feb6ec2061eaa5f66c04a579a650f2c20083b34915397117492414f07@[::]:30303?discport=0"
INFO [07-25|13:55:25] IPC endpoint opened: /Users/evileo/Code2/eth-private-dev/geth.ipc 
INFO [07-25|13:55:28] Got interrupt, shutting down... 
INFO [07-25|13:55:28] IPC endpoint closed: /Users/evileo/Code2/eth-private-dev/geth.ipc 
INFO [07-25|13:55:28] Blockchain manager stopped 
INFO [07-25|13:55:28] Stopping Ethereum protocol 
INFO [07-25|13:55:28] Ethereum protocol stopped 
INFO [07-25|13:55:28] Transaction pool stopped 
INFO [07-25|13:55:28] Database closed                          database=/Users/evileo/Code2/eth-private-dev/geth/chaindata
WARN [07-25|13:55:54] No etherbase set and no accounts found as default 
INFO [07-25|13:55:54] Starting peer-to-peer node               instance=Geth/v1.6.1-stable-021c3c28/darwin-amd64/go1.8.3
INFO [07-25|13:55:54] Allocated cache and file handles         database=/Users/evileo/Code2/eth-private-dev/geth/chaindata cache=128 handles=1024
INFO [07-25|13:55:54] Initialised chain configuration          config="{ChainID: 1 Homestead: 1150000 DAO: 1920000 DAOSupport: true EIP150: 2463000 EIP155: 2675000 EIP158: 2675000 Engine: ethash}"
INFO [07-25|13:55:54] Disk storage enabled for ethash caches   dir=/Users/evileo/Code2/eth-private-dev/geth/ethash count=3
INFO [07-25|13:55:54] Disk storage enabled for ethash DAGs     dir=/Users/evileo/.ethash                           count=2
INFO [07-25|13:55:54] Initialising Ethereum protocol           versions="[63 62]" network=1
INFO [07-25|13:55:54] Loaded most recent local header          number=0 hash=d4e567…cb8fa3 td=17179869184
INFO [07-25|13:55:54] Loaded most recent local full block      number=0 hash=d4e567…cb8fa3 td=17179869184
INFO [07-25|13:55:54] Loaded most recent local fast block      number=0 hash=d4e567…cb8fa3 td=17179869184
INFO [07-25|13:55:54] Starting P2P networking 
INFO [07-25|13:55:54] RLPx listener up                         self="enode://1ea53f18e8f317da8dc9d5ae7152beddb2d42118c39277bda9cf22967826c694317e152feb6ec2061eaa5f66c04a579a650f2c20083b34915397117492414f07@[::]:30303?discport=0"
INFO [07-25|13:55:54] IPC endpoint opened: /Users/evileo/Code2/eth-private-dev/geth.ipc 
WARN [07-25|13:56:19] No etherbase set and no accounts found as default 
INFO [07-25|13:56:19] Starting peer-to-peer node               instance=Geth/v1.6.1-stable-021c3c28/darwin-amd64/go1.8.3
INFO [07-25|13:56:19] Allocated cache and file handles         database=/Users/evileo/Code2/eth-private-dev/geth/chaindata cache=128 handles=1024
Fatal: Error starting protocol stack: resource temporarily unavailable
INFO [07-25|13:56:21] New wallet appeared                      url=keystore:///Users/evileo/Code2/… status=Locked
INFO [07-25|13:56:21] Updated mining threads                   threads=1
INFO [07-25|13:56:21] Starting mining operation 
INFO [07-25|13:56:21] Commit new mining work                   number=1 txs=0 uncles=0 elapsed=315.581µs
flag provided but not defined: -rpchost
INFO [07-25|13:57:23] Starting peer-to-peer node               instance=Geth/v1.6.1-stable-021c3c28/darwin-amd64/go1.8.3
INFO [07-25|13:57:23] Allocated cache and file handles         database=/Users/evileo/Code2/eth-private-dev/geth/chaindata cache=128 handles=1024
Fatal: Error starting protocol stack: resource temporarily unavailable
INFO [07-25|13:58:09] Starting peer-to-peer node               instance=Geth/v1.6.1-stable-021c3c28/darwin-amd64/go1.8.3
INFO [07-25|13:58:09] Allocated cache and file handles         database=/Users/evileo/Code2/eth-private-dev/geth/chaindata cache=128 handles=1024
INFO [07-25|13:58:09] Initialised chain configuration          config="{ChainID: 1 Homestead: 1150000 DAO: 1920000 DAOSupport: true EIP150: 2463000 EIP155: 2675000 EIP158: 2675000 Engine: ethash}"
INFO [07-25|13:58:09] Disk storage enabled for ethash caches   dir=/Users/evileo/Code2/eth-private-dev/geth/ethash count=3
INFO [07-25|13:58:09] Disk storage enabled for ethash DAGs     dir=/Users/evileo/.ethash                           count=2
INFO [07-25|13:58:09] Initialising Ethereum protocol           versions="[63 62]" network=1
INFO [07-25|13:58:09] Loaded most recent local header          number=0 hash=d4e567…cb8fa3 td=17179869184
INFO [07-25|13:58:09] Loaded most recent local full block      number=0 hash=d4e567…cb8fa3 td=17179869184
INFO [07-25|13:58:09] Loaded most recent local fast block      number=0 hash=d4e567…cb8fa3 td=17179869184
INFO [07-25|13:58:09] Starting P2P networking 
INFO [07-25|13:58:09] RLPx listener up                         self="enode://1ea53f18e8f317da8dc9d5ae7152beddb2d42118c39277bda9cf22967826c694317e152feb6ec2061eaa5f66c04a579a650f2c20083b34915397117492414f07@[::]:30303?discport=0"
INFO [07-25|13:58:09] IPC endpoint opened: /Users/evileo/Code2/eth-private-dev/geth.ipc 
INFO [07-25|13:58:15] IPC endpoint closed: /Users/evileo/Code2/eth-private-dev/geth.ipc 
INFO [07-25|13:58:15] Blockchain manager stopped 
INFO [07-25|13:58:15] Stopping Ethereum protocol 
INFO [07-25|13:58:15] Ethereum protocol stopped 
INFO [07-25|13:58:15] Transaction pool stopped 
INFO [07-25|13:58:15] Database closed                          database=/Users/evileo/Code2/eth-private-dev/geth/chaindata
